c:\users\zxcvb\desktop\홍승표shop\teamproject_textrpg\x64\debug\vc143.pdb
c:\users\zxcvb\desktop\홍승표shop\teamproject_textrpg\x64\debug\vc143.idb
c:\users\zxcvb\desktop\홍승표shop\teamproject_textrpg\x64\debug\weapon.obj
c:\users\zxcvb\desktop\홍승표shop\teamproject_textrpg\x64\debug\shop.obj
c:\users\zxcvb\desktop\홍승표shop\teamproject_textrpg\x64\debug\monster.obj
c:\users\zxcvb\desktop\홍승표shop\teamproject_textrpg\x64\debug\main.obj
c:\users\zxcvb\desktop\홍승표shop\teamproject_textrpg\x64\debug\logmanager.obj
c:\users\zxcvb\desktop\홍승표shop\teamproject_textrpg\x64\debug\itemdrop.obj
c:\users\zxcvb\desktop\홍승표shop\teamproject_textrpg\x64\debug\item.obj
c:\users\zxcvb\desktop\홍승표shop\teamproject_textrpg\x64\debug\inventory.obj
c:\users\zxcvb\desktop\홍승표shop\teamproject_textrpg\x64\debug\healthpotion.obj
c:\users\zxcvb\desktop\홍승표shop\teamproject_textrpg\x64\debug\character.obj
c:\users\zxcvb\desktop\홍승표shop\teamproject_textrpg\x64\debug\battlemanager.obj
c:\users\zxcvb\desktop\홍승표shop\teamproject_textrpg\x64\debug\attackboost.obj
c:\users\zxcvb\desktop\홍승표shop\teamproject_textrpg\x64\debug\armor.obj
c:\users\zxcvb\desktop\홍승표shop\x64\debug\teamproject_textrpg.pdb
c:\users\zxcvb\desktop\홍승표shop\teamproject_textrpg\x64\debug\teamproj.5912fb62.tlog\cl.command.1.tlog
c:\users\zxcvb\desktop\홍승표shop\teamproject_textrpg\x64\debug\teamproj.5912fb62.tlog\cl.read.1.tlog
c:\users\zxcvb\desktop\홍승표shop\teamproject_textrpg\x64\debug\teamproj.5912fb62.tlog\cl.write.1.tlog
c:\users\zxcvb\desktop\홍승표shop\teamproject_textrpg\x64\debug\teamproj.5912fb62.tlog\link-cvtres.read.1.tlog
c:\users\zxcvb\desktop\홍승표shop\teamproject_textrpg\x64\debug\teamproj.5912fb62.tlog\link-cvtres.write.1.tlog
c:\users\zxcvb\desktop\홍승표shop\teamproject_textrpg\x64\debug\teamproj.5912fb62.tlog\link-rc.read.1.tlog
c:\users\zxcvb\desktop\홍승표shop\teamproject_textrpg\x64\debug\teamproj.5912fb62.tlog\link-rc.write.1.tlog
c:\users\zxcvb\desktop\홍승표shop\teamproject_textrpg\x64\debug\teamproj.5912fb62.tlog\link.command.1.tlog
c:\users\zxcvb\desktop\홍승표shop\teamproject_textrpg\x64\debug\teamproj.5912fb62.tlog\link.read.1.tlog
c:\users\zxcvb\desktop\홍승표shop\teamproject_textrpg\x64\debug\teamproj.5912fb62.tlog\link.read.2.tlog
c:\users\zxcvb\desktop\홍승표shop\teamproject_textrpg\x64\debug\teamproj.5912fb62.tlog\link.read.3.tlog
c:\users\zxcvb\desktop\홍승표shop\teamproject_textrpg\x64\debug\teamproj.5912fb62.tlog\link.read.4.tlog
c:\users\zxcvb\desktop\홍승표shop\teamproject_textrpg\x64\debug\teamproj.5912fb62.tlog\link.read.5.tlog
c:\users\zxcvb\desktop\홍승표shop\teamproject_textrpg\x64\debug\teamproj.5912fb62.tlog\link.write.1.tlog
